>/usr/lib64/gcc/x86_64-fedora_ghdl-linux/4.3.4/vhdl/lib//v93/ieee/
../../../src/ieee/std_logic_1164.v93
>/usr/lib64/gcc/x86_64-fedora_ghdl-linux/4.3.4/vhdl/lib//v93/ieee/
../../../src/ieee/std_logic_1164_body.v93
>
../../vhdl/ahir.vhdl
>/usr/lib64/gcc/x86_64-fedora_ghdl-linux/4.3.4/vhdl/lib//v93/ieee/
../../../src/ieee/numeric_std.v93
>/usr/lib64/gcc/x86_64-fedora_ghdl-linux/4.3.4/vhdl/lib//v93/ieee/
../../../src/ieee/numeric_std-body.v93
>/usr/lib64/gcc/x86_64-fedora_ghdl-linux/4.3.4/vhdl/lib//v93/std/
../../../src/std/textio.v93
>/usr/lib64/gcc/x86_64-fedora_ghdl-linux/4.3.4/vhdl/lib//v93/std/
../../../src/std/textio_body.v93
>
../../vhdl/aHiR_ieee_proposed.vhdl
>
ahir_system_global_package.vhdl
>
ahir_system.vhdl
