This is pdfTeXk, Version 3.141592-1.40.3 (Web2C 7.5.6) (format=latex 2009.4.19)  20 APR 2009 11:02
entering extended mode
 %&-line parsing enabled.
**artex.tex
(./artex.tex
LaTeX2e <2005/12/01>
Babel <v3.8h> and hyphenation patterns for english, usenglishmax, dumylang, noh
yphenation, loaded.
(/usr/share/texmf-texlive/tex/latex/base/article.cls
Document Class: article 2005/09/16 v1.4f Standard LaTeX document class
(/usr/share/texmf-texlive/tex/latex/base/size10.clo
File: size10.clo 2005/09/16 v1.4f Standard LaTeX file (size option)
)
\c@part=\count79
\c@section=\count80
\c@subsection=\count81
\c@subsubsection=\count82
\c@paragraph=\count83
\c@subparagraph=\count84
\c@figure=\count85
\c@table=\count86
\abovecaptionskip=\skip41
\belowcaptionskip=\skip42
\bibindent=\dimen102
)
(/usr/share/texmf-texlive/tex/latex/amsmath/amsmath.sty
Package: amsmath 2000/07/18 v2.13 AMS math features
\@mathmargin=\skip43

For additional information on amsmath, use the `?' option.
(/usr/share/texmf-texlive/tex/latex/amsmath/amstext.sty
Package: amstext 2000/06/29 v2.01

(/usr/share/texmf-texlive/tex/latex/amsmath/amsgen.sty
File: amsgen.sty 1999/11/30 v2.0
\@emptytoks=\toks14
\ex@=\dimen103
))
(/usr/share/texmf-texlive/tex/latex/amsmath/amsbsy.sty
Package: amsbsy 1999/11/29 v1.2d
\pmbraise@=\dimen104
)
(/usr/share/texmf-texlive/tex/latex/amsmath/amsopn.sty
Package: amsopn 1999/12/14 v2.01 operator names
)
\inf@bad=\count87
LaTeX Info: Redefining \frac on input line 211.
\uproot@=\count88
\leftroot@=\count89
LaTeX Info: Redefining \overline on input line 307.
\classnum@=\count90
\DOTSCASE@=\count91
LaTeX Info: Redefining \ldots on input line 379.
LaTeX Info: Redefining \dots on input line 382.
LaTeX Info: Redefining \cdots on input line 467.
\Mathstrutbox@=\box26
\strutbox@=\box27
\big@size=\dimen105
LaTeX Font Info:    Redeclaring font encoding OML on input line 567.
LaTeX Font Info:    Redeclaring font encoding OMS on input line 568.
\macc@depth=\count92
\c@MaxMatrixCols=\count93
\dotsspace@=\muskip10
\c@parentequation=\count94
\dspbrk@lvl=\count95
\tag@help=\toks15
\row@=\count96
\column@=\count97
\maxfields@=\count98
\andhelp@=\toks16
\eqnshift@=\dimen106
\alignsep@=\dimen107
\tagshift@=\dimen108
\tagwidth@=\dimen109
\totwidth@=\dimen110
\lineht@=\dimen111
\@envbody=\toks17
\multlinegap=\skip44
\multlinetaggap=\skip45
\mathdisplay@stack=\toks18
LaTeX Info: Redefining \[ on input line 2666.
LaTeX Info: Redefining \] on input line 2667.
)
(/usr/share/texmf-texlive/tex/latex/amsfonts/amssymb.sty
Package: amssymb 2002/01/22 v2.2d

(/usr/share/texmf-texlive/tex/latex/amsfonts/amsfonts.sty
Package: amsfonts 2001/10/25 v2.2f
\symAMSa=\mathgroup4
\symAMSb=\mathgroup5
LaTeX Font Info:    Overwriting math alphabet `\mathfrak' in version `bold'
(Font)                  U/euf/m/n --> U/euf/b/n on input line 132.
))
(/usr/share/texmf-texlive/tex/latex/graphics/graphics.sty
Package: graphics 2006/02/20 v1.0o Standard LaTeX Graphics (DPC,SPQR)

(/usr/share/texmf-texlive/tex/latex/graphics/trig.sty
Package: trig 1999/03/16 v1.09 sin cos tan (DPC)
)
(/etc/texmf/tex/latex/config/graphics.cfg
File: graphics.cfg 2007/01/18 v1.5 graphics configuration of teTeX/TeXLive
)
Package graphics Info: Driver file: dvips.def on input line 90.

(/usr/share/texmf-texlive/tex/latex/graphics/dvips.def
File: dvips.def 1999/02/16 v3.0i Driver-dependant file (DPC,SPQR)
))
(/usr/share/texmf-texlive/tex/latex/graphics/color.sty
Package: color 2005/11/14 v1.0j Standard LaTeX Color (DPC)

(/etc/texmf/tex/latex/config/color.cfg
File: color.cfg 2007/01/18 v1.5 color configuration of teTeX/TeXLive
)
Package color Info: Driver file: dvips.def on input line 130.

(/usr/share/texmf-texlive/tex/latex/graphics/dvipsnam.def
File: dvipsnam.def 1999/02/16 v3.0i Driver-dependant file (DPC,SPQR)
))
(/usr/share/texmf-texlive/tex/latex/hyperref/hyperref.sty
Package: hyperref 2007/02/07 v6.75r Hypertext links for LaTeX

(/usr/share/texmf-texlive/tex/latex/graphics/keyval.sty
Package: keyval 1999/03/16 v1.13 key=value parser (DPC)
\KV@toks@=\toks19
)
\@linkdim=\dimen112
\Hy@linkcounter=\count99
\Hy@pagecounter=\count100

(/usr/share/texmf-texlive/tex/latex/hyperref/pd1enc.def
File: pd1enc.def 2007/02/07 v6.75r Hyperref: PDFDocEncoding definition (HO)
)
(/etc/texmf/tex/latex/config/hyperref.cfg
File: hyperref.cfg 2002/06/06 v1.2 hyperref configuration of TeXLive
)
(/usr/share/texmf-texlive/tex/latex/oberdiek/kvoptions.sty
Package: kvoptions 2006/08/22 v2.4 Connects package keyval with LaTeX options (
HO)
)
Package hyperref Info: Hyper figures OFF on input line 2288.
Package hyperref Info: Link nesting OFF on input line 2293.
Package hyperref Info: Hyper index ON on input line 2296.
Package hyperref Info: Plain pages OFF on input line 2303.
Package hyperref Info: Backreferencing OFF on input line 2308.

Implicit mode ON; LaTeX internals redefined
Package hyperref Info: Bookmarks ON on input line 2444.
(/usr/share/texmf-texlive/tex/latex/ltxmisc/url.sty
\Urlmuskip=\muskip11
Package: url 2005/06/27  ver 3.2  Verb mode for urls, etc.
)
LaTeX Info: Redefining \url on input line 2599.
\Fld@menulength=\count101
\Field@Width=\dimen113
\Fld@charsize=\dimen114
\Choice@toks=\toks20
\Field@toks=\toks21
Package hyperref Info: Hyper figures OFF on input line 3102.
Package hyperref Info: Link nesting OFF on input line 3107.
Package hyperref Info: Hyper index ON on input line 3110.
Package hyperref Info: backreferencing OFF on input line 3117.
Package hyperref Info: Link coloring OFF on input line 3122.
\Hy@abspage=\count102
\c@Item=\count103
\c@Hfootnote=\count104
)
*hyperref using default driver hdvips*
(/usr/share/texmf-texlive/tex/latex/hyperref/hdvips.def
File: hdvips.def 2007/02/07 v6.75r Hyperref driver for dvips

(/usr/share/texmf-texlive/tex/latex/hyperref/pdfmark.def
File: pdfmark.def 2007/02/07 v6.75r Hyperref definitions for pdfmark specials
\pdf@docset=\toks22
\pdf@box=\box28
\pdf@toks=\toks23
\pdf@defaulttoks=\toks24
\Fld@listcount=\count105
))
\c@theorem=\count106
 (./artex.aux

LaTeX Warning: Label `diffstruc' multiply defined.


LaTeX Warning: Label `diffstruc' multiply defined.


LaTeX Warning: Label `diffstruc' multiply defined.


LaTeX Warning: Label `diffstruc' multiply defined.


LaTeX Warning: Label `diffstruc' multiply defined.


LaTeX Warning: Label `' multiply defined.


LaTeX Warning: Label `diffstruc' multiply defined.

)
\openout1 = `artex.aux'.

LaTeX Font Info:    Checking defaults for OML/cmm/m/it on input line 59.
LaTeX Font Info:    ... okay on input line 59.
LaTeX Font Info:    Checking defaults for T1/cmr/m/n on input line 59.
LaTeX Font Info:    ... okay on input line 59.
LaTeX Font Info:    Checking defaults for OT1/cmr/m/n on input line 59.
LaTeX Font Info:    ... okay on input line 59.
LaTeX Font Info:    Checking defaults for OMS/cmsy/m/n on input line 59.
LaTeX Font Info:    ... okay on input line 59.
LaTeX Font Info:    Checking defaults for OMX/cmex/m/n on input line 59.
LaTeX Font Info:    ... okay on input line 59.
LaTeX Font Info:    Checking defaults for U/cmr/m/n on input line 59.
LaTeX Font Info:    ... okay on input line 59.
LaTeX Font Info:    Checking defaults for PD1/pdf/m/n on input line 59.
LaTeX Font Info:    ... okay on input line 59.
Package hyperref Info: Link coloring OFF on input line 59.
 (/usr/share/texmf-texlive/tex/latex/hyperref/nameref.sty
Package: nameref 2006/12/27 v2.28 Cross-referencing by name of section

(/usr/share/texmf-texlive/tex/latex/oberdiek/refcount.sty
Package: refcount 2006/02/20 v3.0 Data extraction from references (HO)
)
\c@section@level=\count107
)
LaTeX Info: Redefining \ref on input line 59.
LaTeX Info: Redefining \pageref on input line 59.
 (./artex.out)
(./artex.out)
\@outlinefile=\write3
\openout3 = `artex.out'.

LaTeX Font Info:    Try loading font information for U+msa on input line 61.
 (/usr/share/texmf-texlive/tex/latex/amsfonts/umsa.fd
File: umsa.fd 2002/01/19 v2.2g AMS font definitions
)
LaTeX Font Info:    Try loading font information for U+msb on input line 61.

(/usr/share/texmf-texlive/tex/latex/amsfonts/umsb.fd
File: umsb.fd 2002/01/19 v2.2g AMS font definitions
)
File: list_of_figures1.ps Graphic file (type eps)
 <list_of_figures1.ps>
! Missing $ inserted.
<inserted text> 
                $
l.84 area(in mm2) = (0.001){ * }(tech)^
                                       {2.07} { * } (bits)^{0.9} { * } (port...

? 
! Missing $ inserted.
<inserted text> 
                $
l.85 
     
? 
! Misplaced alignment tab character &.
l.88 ...ntity definition with well defined input &
                                                   output ports but a blank ...

? 
[1

]
Underfull \vbox (badness 2418) has occurred while \output is active []

 [2]

! LaTeX Error: There's no line here to end.

See the LaTeX manual or LaTeX Companion for explanation.
Type  H <return>  for immediate help.
 ...                                              
                                                  
l.156 T
       he energy, delay and area estimates for each architecture / frequency...

? 
! Missing $ inserted.
<inserted text> 
                $
l.168 Area (mm^
               2)& 1.45& 1.3& 1.77& 1.52& 2.3& 1.9\\[1ex]
? 
! Extra }, or forgotten $.
<template> \unskip \hfil }
                          \hskip \tabcolsep \hskip -.5\arrayrulewidth \vrule...
l.168 Area (mm^2)&
                   1.45& 1.3& 1.77& 1.52& 2.3& 1.9\\[1ex]
? 
! Missing $ inserted.
<inserted text> 
                $
l.168 Area (mm^2)&
                   1.45& 1.3& 1.77& 1.52& 2.3& 1.9\\[1ex]
? 
! Missing } inserted.
<inserted text> 
                }
l.168 Area (mm^2)&
                   1.45& 1.3& 1.77& 1.52& 2.3& 1.9\\[1ex]
? 
File: a5p.ps Graphic file (type eps)
<a5p.ps>

LaTeX Warning: `!h' float specifier changed to `!ht'.

File: a5a.ps Graphic file (type eps)
<a5a.ps>

LaTeX Warning: `!h' float specifier changed to `!ht'.


! LaTeX Error: There's no line here to end.

See the LaTeX manual or LaTeX Companion for explanation.
Type  H <return>  for immediate help.
 ...                                              
                                                  
l.190 T
       he energy, delay and area estimates for each architecture / frequency...

? 
! Missing $ inserted.
<inserted text> 
                $
l.203 Area (mm^
               2)& 27.5& 25.5& 30.8& 27& 36.2& 28.9\\[1ex]
? 
! Extra }, or forgotten $.
<template> \unskip \hfil }
                          \hskip \tabcolsep \hskip -.5\arrayrulewidth \vrule...
l.203 Area (mm^2)&
                   27.5& 25.5& 30.8& 27& 36.2& 28.9\\[1ex]
? 
! Missing $ inserted.
<inserted text> 
                $
l.203 Area (mm^2)&
                   27.5& 25.5& 30.8& 27& 36.2& 28.9\\[1ex]
? 
! Missing } inserted.
<inserted text> 
                }
l.203 Area (mm^2)&
                   27.5& 25.5& 30.8& 27& 36.2& 28.9\\[1ex]
? 
[3]
Underfull \vbox (badness 10000) has occurred while \output is active []

 [4]
File: lpp.ps Graphic file (type eps)

<lpp.ps>
File: lpa.ps Graphic file (type eps)
 <lpa.ps>

LaTeX Warning: `!h' float specifier changed to `!ht'.


! LaTeX Error: There's no line here to end.

See the LaTeX manual or LaTeX Companion for explanation.
Type  H <return>  for immediate help.
 ...                                              
                                                  
l.225 T
       he energy, delay and area estimates for each architecture / frequency...

? 
! Missing $ inserted.
<inserted text> 
                $
l.238 Area (mm^
               2)& 19 and 23& 18 and 21& 26& 22& 32& 25\\[1ex]
? 
! Extra }, or forgotten $.
<template> \unskip \hfil }
                          \hskip \tabcolsep \hskip -.5\arrayrulewidth \vrule...
l.238 Area (mm^2)&
                   19 and 23& 18 and 21& 26& 22& 32& 25\\[1ex]
? 
! Missing $ inserted.
<inserted text> 
                $
l.238 Area (mm^2)&
                   19 and 23& 18 and 21& 26& 22& 32& 25\\[1ex]
? 
! Missing } inserted.
<inserted text> 
                }
l.238 Area (mm^2)&
                   19 and 23& 18 and 21& 26& 22& 32& 25\\[1ex]
? 

LaTeX Warning: `!h' float specifier changed to `!ht'.

File: rbp.ps Graphic file (type eps)
<rbp.ps>

LaTeX Warning: `!h' float specifier changed to `!ht'.

File: rba.ps Graphic file (type eps)
<rba.ps>

LaTeX Warning: `!h' float specifier changed to `!ht'.


! LaTeX Error: There's no line here to end.

See the LaTeX manual or LaTeX Companion for explanation.
Type  H <return>  for immediate help.
 ...                                              
                                                  
l.261 T
       he energy, delay and area estimates for each architecture / frequency...

? 
! Missing $ inserted.
<inserted text> 
                $
l.274 Area (mm^
               2)& 5.4& 5.07 & 6.6& 5.7& 9.2& 6.7\\[1ex]
? 
! Extra }, or forgotten $.
<template> \unskip \hfil }
                          \hskip \tabcolsep \hskip -.5\arrayrulewidth \vrule...
l.274 Area (mm^2)&
                   5.4& 5.07 & 6.6& 5.7& 9.2& 6.7\\[1ex]
? 
! Missing $ inserted.
<inserted text> 
                $
l.274 Area (mm^2)&
                   5.4& 5.07 & 6.6& 5.7& 9.2& 6.7\\[1ex]
? 
! Missing } inserted.
<inserted text> 
                }
l.274 Area (mm^2)&
                   5.4& 5.07 & 6.6& 5.7& 9.2& 6.7\\[1ex]
? 

LaTeX Warning: `!h' float specifier changed to `!ht'.

File: fftp.ps Graphic file (type eps)
<fftp.ps>

LaTeX Warning: `!h' float specifier changed to `!ht'.

File: ffta.ps Graphic file (type eps)
<ffta.ps>

LaTeX Warning: `!h' float specifier changed to `!ht'.


! LaTeX Error: There's no line here to end.

See the LaTeX manual or LaTeX Companion for explanation.
Type  H <return>  for immediate help.
 ...                                              
                                                  
l.297 T
       he energy, delay and area estimates for each architecture / frequency...

? 
! Missing $ inserted.
<inserted text> 
                $
l.310 Area (mm^
               2)& 7.67 and 9.03& 6.63 and 6.5 & 13& 7.5& 20.25& 9.4\\[1ex]
? 
! Extra }, or forgotten $.
<template> \unskip \hfil }
                          \hskip \tabcolsep \hskip -.5\arrayrulewidth \vrule...
l.310 Area (mm^2)&
                   7.67 and 9.03& 6.63 and 6.5 & 13& 7.5& 20.25& 9.4\\[1ex]
? 
! Missing $ inserted.
<inserted text> 
                $
l.310 Area (mm^2)&
                   7.67 and 9.03& 6.63 and 6.5 & 13& 7.5& 20.25& 9.4\\[1ex]
? 
! Missing } inserted.
<inserted text> 
                }
l.310 Area (mm^2)&
                   7.67 and 9.03& 6.63 and 6.5 & 13& 7.5& 20.25& 9.4\\[1ex]
? 

LaTeX Warning: `!h' float specifier changed to `!ht'.

File: aesp.ps Graphic file (type eps)
<aesp.ps>

LaTeX Warning: `!h' float specifier changed to `!ht'.

File: aesa.ps Graphic file (type eps)
<aesa.ps>

LaTeX Warning: `!h' float specifier changed to `!ht'.

[5] [6]
Underfull \vbox (badness 10000) has occurred while \output is active []

 [7]
Overfull \vbox (15.93755pt too high) has occurred while \output is active []


[8] [9] [10] (./artex.aux)

LaTeX Warning: There were multiply-defined labels.

 ) 
Here is how much of TeX's memory you used:
 3533 strings out of 95087
 46900 string characters out of 1183278
 109687 words of memory out of 1500000
 6665 multiletter control sequences out of 10000+50000
 12817 words of font info for 49 fonts, out of 1200000 for 2000
 28 hyphenation exceptions out of 8191
 27i,10n,36p,982b,410s stack positions out of 5000i,500n,6000p,200000b,5000s

Output written on artex.dvi (10 pages, 35852 bytes).
